2014-11-16 18:09:03.965 [info] <0.7.0> Application lager started on node cb_tutorial@acadia
2014-11-16 18:09:03.972 [info] <0.7.0> Application crypto started on node cb_tutorial@acadia
2014-11-16 18:09:03.982 [info] <0.7.0> Application mimetypes started on node cb_tutorial@acadia
2014-11-16 18:09:04.010 [info] <0.94.0> Starting Boss in development mode....

2014-11-16 18:09:04.018 [info] <0.94.0>@boss_db:start:72 Start Database Adapter boss_db_adapter_mock options [{adapter,mock},{cache_enable,false},{cache_prefix,db},{shards,[]},{is_master_node,true},{db_host,"localhost"},{db_port,1978}]
2014-11-16 18:09:04.053 [info] <0.94.0> Starting master services on cb_tutorial@acadia

2014-11-16 18:09:04.066 [info] <0.7.0> Application tinymq started on node cb_tutorial@acadia
2014-11-16 18:09:04.098 [info] <0.94.0> SSL:[]

2014-11-16 18:09:04.102 [info] <0.94.0> Starting cowboy... on cb_tutorial@acadia

2014-11-16 18:09:04.105 [info] <0.7.0> Application cowlib started on node cb_tutorial@acadia
2014-11-16 18:09:04.109 [info] <0.7.0> Application ranch started on node cb_tutorial@acadia
2014-11-16 18:09:04.121 [info] <0.7.0> Application cowboy started on node cb_tutorial@acadia
2014-11-16 18:09:04.121 [info] <0.94.0> Starting http listener... on 0.0.0.0:8001 

2014-11-16 18:09:04.169 [info] <0.94.0>@boss_load:load_all_modules:57 Loading application cb_tutorial
2014-11-16 18:09:04.178 [notice] <0.94.0>@boss_compiler:compile:47 Compile file "/Users/tony/dev/cb_tutorial/src/mail/cb_tutorial_incoming_mail_controller.erl" with options [{out_dir,undefined},{include_dirs,["/Users/tony/dev/cb_tutorial/include"]},{compiler_options,[{parse_transform,lager_transform},return_errors]}] 
2014-11-16 18:09:04.199 [notice] <0.94.0>@boss_compiler:compile:47 Compile file "/Users/tony/dev/cb_tutorial/src/mail/cb_tutorial_outgoing_mail_controller.erl" with options [{out_dir,undefined},{include_dirs,["/Users/tony/dev/cb_tutorial/include"]},{compiler_options,[{parse_transform,lager_transform},return_errors]}] 
2014-11-16 18:09:04.209 [info] <0.94.0>@boss_controller_compiler:compile:59 Compile controller /Users/tony/dev/cb_tutorial/src/controller/cb_tutorial_greeting_controller.erl
2014-11-16 18:09:04.210 [notice] <0.94.0>@boss_compiler:compile:47 Compile file "/Users/tony/dev/cb_tutorial/src/controller/cb_tutorial_greeting_controller.erl" with options [debug_info,{pre_revert_transform,#Fun<boss_controller_compiler.add_routes_to_forms.1>},{out_dir,undefined},{include_dirs,["/Users/tony/dev/cb_tutorial/include"]},{compiler_options,[{parse_transform,lager_transform},return_errors]}] 
2014-11-16 18:09:04.219 [notice] <0.94.0>@boss_compiler:compile:47 Compile file "/Users/tony/dev/cb_tutorial/src/view/lib/tag_modules/cb_tutorial_custom_tags.erl" with options [{out_dir,undefined},{include_dirs,["/Users/tony/dev/cb_tutorial/include"]},{compiler_options,[{parse_transform,lager_transform},return_errors]}] 
2014-11-16 18:09:04.225 [notice] <0.94.0>@boss_compiler:compile:47 Compile file "/Users/tony/dev/cb_tutorial/src/view/lib/filter_modules/cb_tutorial_custom_filters.erl" with options [{out_dir,undefined},{include_dirs,["/Users/tony/dev/cb_tutorial/include"]},{compiler_options,[{parse_transform,lager_transform},return_errors]}] 
2014-11-16 18:09:04.227 [info] <0.94.0>@boss_load:compile_view_dir_erlydtl:311 Compile Modules "src/view/lib/tag_html"  cb_tutorial_view_lib_tags
2014-11-16 18:09:04.262 [notice] <0.62.0>@lager_app:132 Deprecated lager_file_backend config detected, please consider updating it
2014-11-16 18:09:04.264 [notice] <0.94.0>@boss_compiler:compile:47 Compile file "/Users/tony/dev/cb_tutorial/priv/init/cb_tutorial_01_news.erl" with options [{include_dirs,["/Users/tony/dev/cb_tutorial/include"]}] 
2014-11-16 18:09:06.207 [notice] <0.272.0>@boss_web_controller_handle_request:handle_request:23 ApplicationForPath cb_tutorial
2014-11-16 18:09:06.210 [warning] <0.6.0> lager_error_logger_h dropped 33 messages in the last second that exceeded the limit of 50 messages/sec
2014-11-16 18:09:06.210 [info] <0.261.0> Loading routes from "/Users/tony/dev/cb_tutorial/priv/cb_tutorial.routes" ....
2014-11-16 18:09:06.221 [notice] <0.272.0>@boss_controller_adapter_pmod:action:91 Request Method 'GET'
2014-11-16 18:09:06.221 [notice] <0.272.0>@boss_controller_adapter_pmod:action:92 Tokens []
2014-11-16 18:09:06.225 [info] <0.272.0> GET /greeting/hello [cb_tutorial] 200 0ms
2014-11-16 18:10:50.722 [notice] <0.274.0>@boss_web_controller_handle_request:handle_request:23 ApplicationForPath cb_tutorial
2014-11-16 18:10:50.722 [info] <0.261.0> Loading routes from "/Users/tony/dev/cb_tutorial/priv/cb_tutorial.routes" ....
2014-11-16 18:10:50.725 [info] <0.274.0>@boss_controller_compiler:compile:59 Compile controller /Users/tony/dev/cb_tutorial/src/controller/cb_tutorial_greeting_controller.erl
2014-11-16 18:10:50.725 [notice] <0.274.0>@boss_compiler:compile:47 Compile file "/Users/tony/dev/cb_tutorial/src/controller/cb_tutorial_greeting_controller.erl" with options [debug_info,{pre_revert_transform,#Fun<boss_controller_compiler.add_routes_to_forms.1>},{out_dir,undefined},{include_dirs,["/Users/tony/dev/cb_tutorial/include"]},{compiler_options,[{parse_transform,lager_transform},return_errors]}] 
2014-11-16 18:10:50.729 [notice] <0.274.0>@boss_controller_adapter_pmod:action:91 Request Method 'GET'
2014-11-16 18:10:50.729 [notice] <0.274.0>@boss_controller_adapter_pmod:action:92 Tokens []
2014-11-16 18:10:50.738 [info] <0.274.0> GET /greeting/hello [cb_tutorial] 200 0ms
2014-11-16 18:12:20.563 [notice] <0.277.0>@boss_web_controller_handle_request:handle_request:23 ApplicationForPath cb_tutorial
2014-11-16 18:12:20.564 [info] <0.261.0> Loading routes from "/Users/tony/dev/cb_tutorial/priv/cb_tutorial.routes" ....
2014-11-16 18:12:20.566 [notice] <0.277.0>@boss_controller_adapter_pmod:action:91 Request Method 'GET'
2014-11-16 18:12:20.566 [notice] <0.277.0>@boss_controller_adapter_pmod:action:92 Tokens []
2014-11-16 18:12:20.567 [info] <0.277.0> GET /greeting/hello [cb_tutorial] 200 0ms
2014-11-16 18:12:44.131 [notice] <0.281.0>@boss_web_controller_handle_request:handle_request:23 ApplicationForPath cb_tutorial
2014-11-16 18:12:44.132 [info] <0.261.0> Loading routes from "/Users/tony/dev/cb_tutorial/priv/cb_tutorial.routes" ....
2014-11-16 18:12:44.144 [notice] <0.281.0>@boss_compiler:compile:47 Compile file "/Users/tony/dev/cb_tutorial/src/model/greeting.erl" with options [debug_info,{pre_revert_transform,#Fun<boss_record_compiler.trick_out_forms.2>},{token_transform,#Fun<boss_record_compiler.process_tokens.1>},{out_dir,undefined},{include_dirs,["/Users/tony/dev/cb_tutorial/include"]},{compiler_options,[{parse_transform,lager_transform},return_errors]}] 
2014-11-16 18:12:44.145 [info] <0.281.0>@boss_record_compiler:process_tokens:120 Tokens [{'-',{1,1}},{atom,{1,2},module},{'(',{1,8}},{atom,{1,9},greeting},{',',{1,17}},{'[',{1,19}},{var,{1,20},'Id'},{',',{1,22}},{var,{1,24},'GreetingText'},{']',{1,36}},{')',{1,37}},{dot,{1,38}},{'-',{2,1}},{atom,{2,2},compile},{'(',{2,9}},{atom,{2,10},export_all},{')',{2,20}},{dot,{2,21}},{eof,{5,1}}]
2014-11-16 18:12:44.145 [notice] <0.281.0>@boss_record_compiler:make_generated_forms:225 Module "greeting" Parameters ['Id','GreetingText'] Attributes[{compile,export_all}]
2014-11-16 18:12:44.159 [notice] <0.281.0>@boss_controller_adapter_pmod:action:91 Request Method 'GET'
2014-11-16 18:12:44.159 [notice] <0.281.0>@boss_controller_adapter_pmod:action:92 Tokens []
2014-11-16 18:12:44.160 [info] <0.281.0> GET /greeting/hello [cb_tutorial] 200 0ms
2014-11-16 18:14:59.330 [notice] <0.290.0>@boss_web_controller_handle_request:handle_request:23 ApplicationForPath cb_tutorial
2014-11-16 18:14:59.331 [info] <0.290.0>@boss_record_compiler:process_tokens:120 Tokens [{'-',{1,1}},{atom,{1,2},module},{'(',{1,8}},{atom,{1,9},greeting},{',',{1,17}},{'[',{1,19}},{var,{1,20},'Id'},{',',{1,22}},{var,{1,24},'GreetingText'},{']',{1,36}},{')',{1,37}},{dot,{1,38}},{'-',{2,1}},{atom,{2,2},compile},{'(',{2,9}},{atom,{2,10},export_all},{')',{2,20}},{dot,{2,21}},{eof,{5,1}}]
2014-11-16 18:14:59.331 [notice] <0.290.0>@boss_record_compiler:make_generated_forms:225 Module "greeting" Parameters ['Id','GreetingText'] Attributes[{compile,export_all}]
2014-11-16 18:14:59.446 [info] <0.290.0> GET /doc/greeting [cb_tutorial] 200 0ms
2014-11-16 18:17:55.055 [notice] <0.298.0>@boss_web_controller_handle_request:handle_request:23 ApplicationForPath cb_tutorial
2014-11-16 18:17:55.056 [info] <0.261.0> Loading routes from "/Users/tony/dev/cb_tutorial/priv/cb_tutorial.routes" ....
2014-11-16 18:17:55.059 [notice] <0.298.0>@boss_controller_adapter_pmod:action:91 Request Method 'GET'
2014-11-16 18:17:55.059 [notice] <0.298.0>@boss_controller_adapter_pmod:action:92 Tokens []
2014-11-16 18:17:55.059 [notice] <0.298.0>@boss_controller_adapter_pmod:action:100 [ChicagoBoss] The function cb_tutorial_greeting_controller:list/2 is not exported, if in doubt add -export([list/2])) to the module
2014-11-16 18:17:55.091 [info] <0.298.0> GET /greeting/list [cb_tutorial] 200 0ms
2014-11-16 18:17:58.144 [notice] <0.301.0>@boss_web_controller_handle_request:handle_request:23 ApplicationForPath cb_tutorial
2014-11-16 18:17:58.144 [info] <0.261.0> Loading routes from "/Users/tony/dev/cb_tutorial/priv/cb_tutorial.routes" ....
2014-11-16 18:17:58.148 [notice] <0.301.0>@boss_controller_adapter_pmod:action:91 Request Method 'GET'
2014-11-16 18:17:58.148 [notice] <0.301.0>@boss_controller_adapter_pmod:action:92 Tokens []
2014-11-16 18:17:58.148 [notice] <0.301.0>@boss_controller_adapter_pmod:action:100 [ChicagoBoss] The function cb_tutorial_greeting_controller:list.html/2 is not exported, if in doubt add -export([list.html/2])) to the module
2014-11-16 18:17:58.149 [error] <0.301.0> GET /greeting/list.html [cb_tutorial] 404 0ms
2014-11-16 18:18:00.427 [notice] <0.303.0>@boss_web_controller_handle_request:handle_request:23 ApplicationForPath cb_tutorial
2014-11-16 18:18:00.428 [info] <0.261.0> Loading routes from "/Users/tony/dev/cb_tutorial/priv/cb_tutorial.routes" ....
2014-11-16 18:18:00.431 [notice] <0.303.0>@boss_controller_adapter_pmod:action:91 Request Method 'GET'
2014-11-16 18:18:00.431 [notice] <0.303.0>@boss_controller_adapter_pmod:action:92 Tokens []
2014-11-16 18:18:00.431 [notice] <0.303.0>@boss_controller_adapter_pmod:action:100 [ChicagoBoss] The function cb_tutorial_greeting_controller:list/2 is not exported, if in doubt add -export([list/2])) to the module
2014-11-16 18:18:00.432 [info] <0.303.0> GET /greeting/list [cb_tutorial] 200 0ms
2014-11-16 18:19:10.029 [notice] <0.305.0>@boss_web_controller_handle_request:handle_request:23 ApplicationForPath cb_tutorial
2014-11-16 18:19:10.030 [info] <0.261.0> Loading routes from "/Users/tony/dev/cb_tutorial/priv/cb_tutorial.routes" ....
2014-11-16 18:19:10.031 [info] <0.305.0>@boss_controller_compiler:compile:59 Compile controller /Users/tony/dev/cb_tutorial/src/controller/cb_tutorial_greeting_controller.erl
2014-11-16 18:19:10.031 [notice] <0.305.0>@boss_compiler:compile:47 Compile file "/Users/tony/dev/cb_tutorial/src/controller/cb_tutorial_greeting_controller.erl" with options [debug_info,{pre_revert_transform,#Fun<boss_controller_compiler.add_routes_to_forms.1>},{out_dir,undefined},{include_dirs,["/Users/tony/dev/cb_tutorial/include"]},{compiler_options,[{parse_transform,lager_transform},return_errors]}] 
2014-11-16 18:19:10.032 [error] <0.305.0>@boss_load:compile_and_accumulate_errors:261 Compile Error, "src/controller/cb_tutorial_greeting_controller.erl" -> [{"/Users/tony/dev/cb_tutorial/src/controller/cb_tutorial_greeting_controller.erl",[{6,erl_parse,["syntax error before: ","'{'"]}]}]
2014-11-16 18:19:10.037 [info] <0.305.0> GET /greeting/list [cb_tutorial] 200 0ms
2014-11-16 18:19:11.285 [notice] <0.307.0>@boss_web_controller_handle_request:handle_request:23 ApplicationForPath cb_tutorial
2014-11-16 18:19:11.285 [info] <0.261.0> Loading routes from "/Users/tony/dev/cb_tutorial/priv/cb_tutorial.routes" ....
2014-11-16 18:19:11.287 [info] <0.307.0>@boss_controller_compiler:compile:59 Compile controller /Users/tony/dev/cb_tutorial/src/controller/cb_tutorial_greeting_controller.erl
2014-11-16 18:19:11.287 [notice] <0.307.0>@boss_compiler:compile:47 Compile file "/Users/tony/dev/cb_tutorial/src/controller/cb_tutorial_greeting_controller.erl" with options [debug_info,{pre_revert_transform,#Fun<boss_controller_compiler.add_routes_to_forms.1>},{out_dir,undefined},{include_dirs,["/Users/tony/dev/cb_tutorial/include"]},{compiler_options,[{parse_transform,lager_transform},return_errors]}] 
2014-11-16 18:19:11.288 [error] <0.307.0>@boss_load:compile_and_accumulate_errors:261 Compile Error, "src/controller/cb_tutorial_greeting_controller.erl" -> [{"/Users/tony/dev/cb_tutorial/src/controller/cb_tutorial_greeting_controller.erl",[{6,erl_parse,["syntax error before: ","'{'"]}]}]
2014-11-16 18:19:11.288 [info] <0.307.0> GET /greeting/list [cb_tutorial] 200 0ms
2014-11-16 18:19:36.581 [notice] <0.310.0>@boss_web_controller_handle_request:handle_request:23 ApplicationForPath cb_tutorial
2014-11-16 18:19:36.581 [info] <0.261.0> Loading routes from "/Users/tony/dev/cb_tutorial/priv/cb_tutorial.routes" ....
2014-11-16 18:19:36.583 [info] <0.310.0>@boss_controller_compiler:compile:59 Compile controller /Users/tony/dev/cb_tutorial/src/controller/cb_tutorial_greeting_controller.erl
2014-11-16 18:19:36.583 [notice] <0.310.0>@boss_compiler:compile:47 Compile file "/Users/tony/dev/cb_tutorial/src/controller/cb_tutorial_greeting_controller.erl" with options [debug_info,{pre_revert_transform,#Fun<boss_controller_compiler.add_routes_to_forms.1>},{out_dir,undefined},{include_dirs,["/Users/tony/dev/cb_tutorial/include"]},{compiler_options,[{parse_transform,lager_transform},return_errors]}] 
2014-11-16 18:19:36.588 [notice] <0.310.0>@boss_controller_adapter_pmod:action:91 Request Method 'GET'
2014-11-16 18:19:36.588 [notice] <0.310.0>@boss_controller_adapter_pmod:action:92 Tokens []
2014-11-16 18:19:36.590 [info] <0.310.0> GET /greeting/list [cb_tutorial] 200 0ms
2014-11-16 18:19:37.534 [notice] <0.313.0>@boss_web_controller_handle_request:handle_request:23 ApplicationForPath cb_tutorial
2014-11-16 18:19:37.534 [info] <0.261.0> Loading routes from "/Users/tony/dev/cb_tutorial/priv/cb_tutorial.routes" ....
2014-11-16 18:19:37.537 [notice] <0.313.0>@boss_controller_adapter_pmod:action:91 Request Method 'GET'
2014-11-16 18:19:37.537 [notice] <0.313.0>@boss_controller_adapter_pmod:action:92 Tokens []
2014-11-16 18:19:37.538 [info] <0.313.0> GET /greeting/list [cb_tutorial] 200 0ms
2014-11-16 18:20:04.739 [notice] <0.318.0>@boss_web_controller_handle_request:handle_request:23 ApplicationForPath cb_tutorial
2014-11-16 18:20:04.740 [info] <0.261.0> Loading routes from "/Users/tony/dev/cb_tutorial/priv/cb_tutorial.routes" ....
2014-11-16 18:20:04.743 [notice] <0.318.0>@boss_controller_adapter_pmod:action:91 Request Method 'GET'
2014-11-16 18:20:04.743 [notice] <0.318.0>@boss_controller_adapter_pmod:action:92 Tokens []
2014-11-16 18:20:04.744 [info] <0.318.0> GET /greeting/list [cb_tutorial] 200 0ms
2014-11-16 18:20:05.492 [notice] <0.320.0>@boss_web_controller_handle_request:handle_request:23 ApplicationForPath cb_tutorial
2014-11-16 18:20:05.493 [info] <0.261.0> Loading routes from "/Users/tony/dev/cb_tutorial/priv/cb_tutorial.routes" ....
2014-11-16 18:20:05.495 [notice] <0.320.0>@boss_controller_adapter_pmod:action:91 Request Method 'GET'
2014-11-16 18:20:05.495 [notice] <0.320.0>@boss_controller_adapter_pmod:action:92 Tokens []
2014-11-16 18:20:05.497 [info] <0.320.0> GET /greeting/list [cb_tutorial] 200 0ms
2014-11-16 18:20:18.477 [notice] <0.325.0>@boss_web_controller_handle_request:handle_request:23 ApplicationForPath cb_tutorial
2014-11-16 18:20:18.477 [info] <0.261.0> Loading routes from "/Users/tony/dev/cb_tutorial/priv/cb_tutorial.routes" ....
2014-11-16 18:20:18.480 [notice] <0.325.0>@boss_controller_adapter_pmod:action:91 Request Method 'GET'
2014-11-16 18:20:18.480 [notice] <0.325.0>@boss_controller_adapter_pmod:action:92 Tokens []
2014-11-16 18:20:18.482 [info] <0.325.0> GET /greeting/list [cb_tutorial] 200 0ms
2014-11-16 18:22:42.727 [notice] <0.327.0>@boss_web_controller_handle_request:handle_request:23 ApplicationForPath cb_tutorial
2014-11-16 18:22:42.727 [info] <0.261.0> Loading routes from "/Users/tony/dev/cb_tutorial/priv/cb_tutorial.routes" ....
2014-11-16 18:22:42.730 [notice] <0.327.0>@boss_controller_adapter_pmod:action:91 Request Method 'GET'
2014-11-16 18:22:42.730 [notice] <0.327.0>@boss_controller_adapter_pmod:action:92 Tokens []
2014-11-16 18:22:42.745 [info] <0.327.0> GET /greeting/list [cb_tutorial] 200 0ms
2014-11-16 18:22:43.918 [notice] <0.330.0>@boss_web_controller_handle_request:handle_request:23 ApplicationForPath cb_tutorial
2014-11-16 18:22:43.919 [info] <0.261.0> Loading routes from "/Users/tony/dev/cb_tutorial/priv/cb_tutorial.routes" ....
2014-11-16 18:22:43.921 [notice] <0.330.0>@boss_controller_adapter_pmod:action:91 Request Method 'GET'
2014-11-16 18:22:43.921 [notice] <0.330.0>@boss_controller_adapter_pmod:action:92 Tokens []
2014-11-16 18:22:43.922 [notice] <0.330.0>@boss_controller_adapter_pmod:action:100 [ChicagoBoss] The function cb_tutorial_greeting_controller:create/2 is not exported, if in doubt add -export([create/2])) to the module
2014-11-16 18:22:43.945 [info] <0.330.0> GET /greeting/create [cb_tutorial] 200 0ms
2014-11-16 18:22:54.692 [notice] <0.333.0>@boss_web_controller_handle_request:handle_request:23 ApplicationForPath cb_tutorial
2014-11-16 18:22:54.693 [info] <0.261.0> Loading routes from "/Users/tony/dev/cb_tutorial/priv/cb_tutorial.routes" ....
2014-11-16 18:22:54.696 [notice] <0.333.0>@boss_controller_adapter_pmod:action:91 Request Method 'GET'
2014-11-16 18:22:54.696 [notice] <0.333.0>@boss_controller_adapter_pmod:action:92 Tokens []
2014-11-16 18:22:54.696 [notice] <0.333.0>@boss_controller_adapter_pmod:action:100 [ChicagoBoss] The function cb_tutorial_greeting_controller:create/2 is not exported, if in doubt add -export([create/2])) to the module
2014-11-16 18:22:54.697 [info] <0.333.0> GET /greeting/create [cb_tutorial] 200 0ms
2014-11-16 18:22:55.151 [notice] <0.335.0>@boss_web_controller_handle_request:handle_request:23 ApplicationForPath cb_tutorial
2014-11-16 18:22:55.151 [info] <0.261.0> Loading routes from "/Users/tony/dev/cb_tutorial/priv/cb_tutorial.routes" ....
2014-11-16 18:22:55.154 [notice] <0.335.0>@boss_controller_adapter_pmod:action:91 Request Method 'GET'
2014-11-16 18:22:55.154 [notice] <0.335.0>@boss_controller_adapter_pmod:action:92 Tokens []
2014-11-16 18:22:55.154 [notice] <0.335.0>@boss_controller_adapter_pmod:action:100 [ChicagoBoss] The function cb_tutorial_greeting_controller:create/2 is not exported, if in doubt add -export([create/2])) to the module
2014-11-16 18:22:55.156 [info] <0.335.0> GET /greeting/create [cb_tutorial] 200 0ms
2014-11-16 18:22:55.713 [notice] <0.337.0>@boss_web_controller_handle_request:handle_request:23 ApplicationForPath cb_tutorial
2014-11-16 18:22:55.714 [info] <0.261.0> Loading routes from "/Users/tony/dev/cb_tutorial/priv/cb_tutorial.routes" ....
2014-11-16 18:22:55.721 [notice] <0.337.0>@boss_controller_adapter_pmod:action:91 Request Method 'GET'
2014-11-16 18:22:55.721 [notice] <0.337.0>@boss_controller_adapter_pmod:action:92 Tokens []
2014-11-16 18:22:55.721 [notice] <0.337.0>@boss_controller_adapter_pmod:action:100 [ChicagoBoss] The function cb_tutorial_greeting_controller:create/2 is not exported, if in doubt add -export([create/2])) to the module
2014-11-16 18:22:55.724 [info] <0.337.0> GET /greeting/create [cb_tutorial] 200 0ms
2014-11-16 18:24:35.039 [notice] <0.339.0>@boss_web_controller_handle_request:handle_request:23 ApplicationForPath cb_tutorial
2014-11-16 18:24:35.040 [info] <0.261.0> Loading routes from "/Users/tony/dev/cb_tutorial/priv/cb_tutorial.routes" ....
2014-11-16 18:24:35.042 [info] <0.339.0>@boss_controller_compiler:compile:59 Compile controller /Users/tony/dev/cb_tutorial/src/controller/cb_tutorial_greeting_controller.erl
2014-11-16 18:24:35.042 [notice] <0.339.0>@boss_compiler:compile:47 Compile file "/Users/tony/dev/cb_tutorial/src/controller/cb_tutorial_greeting_controller.erl" with options [debug_info,{pre_revert_transform,#Fun<boss_controller_compiler.add_routes_to_forms.1>},{out_dir,undefined},{include_dirs,["/Users/tony/dev/cb_tutorial/include"]},{compiler_options,[{parse_transform,lager_transform},return_errors]}] 
2014-11-16 18:24:35.049 [notice] <0.339.0>@boss_controller_adapter_pmod:action:91 Request Method 'GET'
2014-11-16 18:24:35.049 [notice] <0.339.0>@boss_controller_adapter_pmod:action:92 Tokens []
2014-11-16 18:24:35.051 [info] <0.339.0> GET /greeting/create [cb_tutorial] 200 0ms
2014-11-16 18:24:38.243 [notice] <0.342.0>@boss_web_controller_handle_request:handle_request:23 ApplicationForPath cb_tutorial
2014-11-16 18:24:38.244 [info] <0.261.0> Loading routes from "/Users/tony/dev/cb_tutorial/priv/cb_tutorial.routes" ....
2014-11-16 18:24:38.247 [notice] <0.342.0>@boss_controller_adapter_pmod:action:91 Request Method 'POST'
2014-11-16 18:24:38.247 [notice] <0.342.0>@boss_controller_adapter_pmod:action:92 Tokens []
2014-11-16 18:24:38.248 [info] <0.342.0> POST /greeting/create [cb_tutorial] 302 0ms
2014-11-16 18:24:38.252 [notice] <0.344.0>@boss_web_controller_handle_request:handle_request:23 ApplicationForPath cb_tutorial
2014-11-16 18:24:38.252 [info] <0.261.0> Loading routes from "/Users/tony/dev/cb_tutorial/priv/cb_tutorial.routes" ....
2014-11-16 18:24:38.254 [notice] <0.344.0>@boss_controller_adapter_pmod:action:91 Request Method 'GET'
2014-11-16 18:24:38.254 [notice] <0.344.0>@boss_controller_adapter_pmod:action:92 Tokens []
2014-11-16 18:24:38.259 [info] <0.344.0> GET /greeting/list [cb_tutorial] 200 0ms
2014-11-16 18:26:41.486 [notice] <0.346.0>@boss_web_controller_handle_request:handle_request:23 ApplicationForPath cb_tutorial
2014-11-16 18:26:41.487 [info] <0.261.0> Loading routes from "/Users/tony/dev/cb_tutorial/priv/cb_tutorial.routes" ....
2014-11-16 18:26:41.490 [notice] <0.346.0>@boss_controller_adapter_pmod:action:91 Request Method 'GET'
2014-11-16 18:26:41.490 [notice] <0.346.0>@boss_controller_adapter_pmod:action:92 Tokens []
2014-11-16 18:26:41.492 [info] <0.346.0> GET /greeting/list [cb_tutorial] 200 0ms
2014-11-16 18:44:46.598 [notice] <0.348.0>@boss_web_controller_handle_request:handle_request:23 ApplicationForPath cb_tutorial
2014-11-16 18:44:46.599 [info] <0.261.0> Loading routes from "/Users/tony/dev/cb_tutorial/priv/cb_tutorial.routes" ....
2014-11-16 18:44:46.603 [notice] <0.348.0>@boss_controller_adapter_pmod:action:91 Request Method 'GET'
2014-11-16 18:44:46.603 [notice] <0.348.0>@boss_controller_adapter_pmod:action:92 Tokens []
2014-11-16 18:44:46.605 [info] <0.348.0> GET /greeting/create [cb_tutorial] 200 0ms
2014-11-16 18:44:51.265 [notice] <0.350.0>@boss_web_controller_handle_request:handle_request:23 ApplicationForPath cb_tutorial
2014-11-16 18:44:51.266 [info] <0.261.0> Loading routes from "/Users/tony/dev/cb_tutorial/priv/cb_tutorial.routes" ....
2014-11-16 18:44:51.269 [notice] <0.350.0>@boss_controller_adapter_pmod:action:91 Request Method 'POST'
2014-11-16 18:44:51.269 [notice] <0.350.0>@boss_controller_adapter_pmod:action:92 Tokens []
2014-11-16 18:44:51.270 [info] <0.350.0> POST /greeting/create [cb_tutorial] 302 0ms
2014-11-16 18:44:51.274 [notice] <0.352.0>@boss_web_controller_handle_request:handle_request:23 ApplicationForPath cb_tutorial
2014-11-16 18:44:51.274 [info] <0.261.0> Loading routes from "/Users/tony/dev/cb_tutorial/priv/cb_tutorial.routes" ....
2014-11-16 18:44:51.276 [notice] <0.352.0>@boss_controller_adapter_pmod:action:91 Request Method 'GET'
2014-11-16 18:44:51.276 [notice] <0.352.0>@boss_controller_adapter_pmod:action:92 Tokens []
2014-11-16 18:44:51.278 [info] <0.352.0> GET /greeting/list [cb_tutorial] 200 0ms
2014-11-16 19:57:21.413 [notice] <0.354.0>@boss_web_controller_handle_request:handle_request:23 ApplicationForPath cb_tutorial
2014-11-16 19:57:21.413 [info] <0.261.0> Loading routes from "/Users/tony/dev/cb_tutorial/priv/cb_tutorial.routes" ....
2014-11-16 19:57:21.416 [notice] <0.354.0>@boss_controller_adapter_pmod:action:91 Request Method 'GET'
2014-11-16 19:57:21.416 [notice] <0.354.0>@boss_controller_adapter_pmod:action:92 Tokens []
2014-11-16 19:57:21.418 [info] <0.354.0> GET /greeting/create [cb_tutorial] 200 0ms
2014-11-16 19:57:29.442 [notice] <0.356.0>@boss_web_controller_handle_request:handle_request:23 ApplicationForPath cb_tutorial
2014-11-16 19:57:29.442 [info] <0.261.0> Loading routes from "/Users/tony/dev/cb_tutorial/priv/cb_tutorial.routes" ....
2014-11-16 19:57:29.447 [notice] <0.356.0>@boss_controller_adapter_pmod:action:91 Request Method 'POST'
2014-11-16 19:57:29.447 [notice] <0.356.0>@boss_controller_adapter_pmod:action:92 Tokens []
2014-11-16 19:57:29.448 [info] <0.356.0> POST /greeting/create [cb_tutorial] 302 0ms
2014-11-16 19:57:29.453 [notice] <0.358.0>@boss_web_controller_handle_request:handle_request:23 ApplicationForPath cb_tutorial
2014-11-16 19:57:29.453 [info] <0.261.0> Loading routes from "/Users/tony/dev/cb_tutorial/priv/cb_tutorial.routes" ....
2014-11-16 19:57:29.457 [notice] <0.358.0>@boss_controller_adapter_pmod:action:91 Request Method 'GET'
2014-11-16 19:57:29.457 [notice] <0.358.0>@boss_controller_adapter_pmod:action:92 Tokens []
2014-11-16 19:57:29.459 [info] <0.358.0> GET /greeting/list [cb_tutorial] 200 0ms
2014-11-16 19:57:51.769 [error] <0.109.0> Supervisor {<0.109.0>,poolboy_sup} had child boss_session_controller started with boss_session_controller:start_link([{name,{local,boss_session_pool}},{worker_module,boss_session_controller},{size,20},{max_overflow,...},...]) at undefined exit with reason shutdown in context shutdown_error
